--- Startup times for process: Primary (or UI client) ---

times in msec
 clock   self+sourced   self:  sourced script
 clock   elapsed:              other lines

000.001  000.001: --- NVIM STARTING ---
000.184  000.183: event init
000.276  000.092: early init
000.335  000.059: locale set
000.387  000.053: init first window
000.799  000.412: inits 1
000.805  000.006: window checked
000.807  000.002: parsing arguments
001.246  000.042  000.042: require('vim.shared')
001.331  000.032  000.032: require('vim.inspect')
001.367  000.030  000.030: require('vim._options')
001.371  000.122  000.060: require('vim._editor')
001.372  000.195  000.032: require('vim._init_packages')
001.374  000.371: init lua interpreter
002.372  000.998: nvim_ui_attach
002.643  000.271: nvim_set_client_info
002.644  000.001: --- NVIM STARTED ---

--- Startup times for process: Embedded ---

times in msec
 clock   self+sourced   self:  sourced script
 clock   elapsed:              other lines

000.001  000.001: --- NVIM STARTING ---
000.166  000.165: event init
000.245  000.078: early init
000.297  000.053: locale set
000.337  000.039: init first window
000.636  000.300: inits 1
000.646  000.009: window checked
000.647  000.001: parsing arguments
001.006  000.035  000.035: require('vim.shared')
001.085  000.030  000.030: require('vim.inspect')
001.121  000.029  000.029: require('vim._options')
001.124  000.116  000.056: require('vim._editor')
001.125  000.168  000.017: require('vim._init_packages')
001.127  000.312: init lua interpreter
001.192  000.066: expanding arguments
001.209  000.017: inits 2
001.394  000.185: init highlight
001.395  000.001: waiting for UI
001.496  000.102: done waiting for UI
001.499  000.003: clear screen
001.606  000.014  000.014: require('vim.keymap')
002.235  000.097  000.097: sourcing nvim_exec2()
002.358  000.856  000.745: require('vim._defaults')
002.359  000.003: init default mappings & autocommands
002.732  000.030  000.030: sourcing /usr/local/share/nvim/runtime/ftplugin.vim
002.791  000.017  000.017: sourcing /usr/local/share/nvim/runtime/indent.vim
003.301  000.254  000.254: require('core.settings')
003.557  000.254  000.254: require('core.keymaps')
003.639  000.080  000.080: require('core.autocmds')
003.837  000.196  000.196: require('utils.performance')
004.288  000.402  000.402: require('lazy')
004.310  000.011  000.011: require('ffi')
004.348  000.020  000.020: require('vim.fs')
004.446  000.096  000.096: require('vim.uri')
004.458  000.146  000.029: require('vim.loader')
004.557  000.084  000.084: require('lazy.stats')
004.645  000.073  000.073: require('lazy.core.util')
004.761  000.115  000.115: require('lazy.core.config')
004.950  000.083  000.083: require('lazy.core.handler')
005.213  000.111  000.111: require('lazy.pkg')
005.224  000.196  000.085: require('lazy.core.meta')
005.236  000.285  000.089: require('lazy.core.plugin')
005.250  000.487  000.119: require('lazy.core.loader')
005.644  000.106  000.106: require('lazy.core.fragments')
010.294  000.044  000.044: require('lazy.core.handler.event')
010.298  000.089  000.046: require('lazy.core.handler.ft')
010.334  000.034  000.034: require('lazy.core.handler.cmd')
010.372  000.036  000.036: require('lazy.core.handler.keys')
010.449  000.004  000.004: sourcing nvim_exec2() called at /home/disco/.config/nvim/init.lua:0
010.461  000.001  000.001: sourcing nvim_exec2() called at /home/disco/.config/nvim/init.lua:0
010.494  000.001  000.001: sourcing nvim_exec2() called at /home/disco/.config/nvim/init.lua:0
010.501  000.001  000.001: sourcing nvim_exec2() called at /home/disco/.config/nvim/init.lua:0
010.536  000.001  000.001: sourcing nvim_exec2() called at /home/disco/.config/nvim/init.lua:0
010.543  000.001  000.001: sourcing nvim_exec2() called at /home/disco/.config/nvim/init.lua:0
011.634  000.004  000.004: sourcing nvim_exec2() called at /home/disco/.config/nvim/init.lua:0
011.652  000.001  000.001: sourcing nvim_exec2() called at /home/disco/.config/nvim/init.lua:0
011.924  000.003  000.003: sourcing nvim_exec2() called at /home/disco/.config/nvim/init.lua:0
012.038  000.039  000.039: sourcing /home/disco/.local/share/nvim/lazy/vim-markdown/ftdetect/markdown.vim
012.043  000.080  000.041: sourcing nvim_exec2() called at /home/disco/.config/nvim/init.lua:0
012.048  000.001  000.001: sourcing nvim_exec2() called at /home/disco/.config/nvim/init.lua:0
012.285  000.003  000.003: sourcing nvim_exec2() called at /home/disco/.config/nvim/init.lua:0
012.298  000.001  000.001: sourcing nvim_exec2() called at /home/disco/.config/nvim/init.lua:0
012.407  000.002  000.002: sourcing nvim_exec2() called at /home/disco/.config/nvim/init.lua:0
012.487  000.011  000.011: sourcing /home/disco/.local/share/nvim/lazy/zig.vim/ftdetect/zig.vim
012.490  000.043  000.031: sourcing nvim_exec2() called at /home/disco/.config/nvim/init.lua:0
012.494  000.001  000.001: sourcing nvim_exec2() called at /home/disco/.config/nvim/init.lua:0
012.638  000.002  000.002: sourcing nvim_exec2() called at /home/disco/.config/nvim/init.lua:0
012.649  000.001  000.001: sourcing nvim_exec2() called at /home/disco/.config/nvim/init.lua:0
012.811  000.002  000.002: sourcing nvim_exec2() called at /home/disco/.config/nvim/init.lua:0
012.822  000.001  000.001: sourcing nvim_exec2() called at /home/disco/.config/nvim/init.lua:0
013.120  000.002  000.002: sourcing nvim_exec2() called at /home/disco/.config/nvim/init.lua:0
013.223  000.047  000.047: sourcing /home/disco/.local/share/nvim/lazy/go.nvim/ftdetect/filetype.vim
013.227  000.078  000.031: sourcing nvim_exec2() called at /home/disco/.config/nvim/init.lua:0
013.249  000.001  000.001: sourcing nvim_exec2() called at /home/disco/.config/nvim/init.lua:0
013.311  000.002  000.002: sourcing nvim_exec2() called at /home/disco/.config/nvim/init.lua:0
013.331  000.001  000.001: sourcing nvim_exec2() called at /home/disco/.config/nvim/init.lua:0
013.833  000.134  000.134: sourcing nvim_exec2() called at /usr/local/share/nvim/runtime/filetype.lua:0
013.837  000.188  000.054: sourcing /usr/local/share/nvim/runtime/filetype.lua
013.840  000.214  000.026: sourcing nvim_exec2() called at /home/disco/.config/nvim/init.lua:0
014.691  000.260  000.260: require('snacks')
014.694  000.294  000.034: sourcing /home/disco/.local/share/nvim/lazy/snacks.nvim/plugin/snacks.lua
014.697  000.323  000.029: sourcing nvim_exec2() called at /home/disco/.config/nvim/init.lua:0
014.708  000.002  000.002: sourcing nvim_exec2() called at /home/disco/.config/nvim/init.lua:0
014.717  000.001  000.001: sourcing nvim_exec2() called at /home/disco/.config/nvim/init.lua:0
014.893  000.002  000.002: sourcing nvim_exec2() called at /home/disco/.config/nvim/init.lua:0
014.903  000.001  000.001: sourcing nvim_exec2() called at /home/disco/.config/nvim/init.lua:0
015.456  000.058  000.058: require('tokyonight.config')
015.459  000.540  000.482: require('tokyonight')
016.301  000.067  000.067: require('tokyonight.util')
016.305  000.159  000.092: require('tokyonight.theme')
016.568  000.082  000.082: require('tokyonight.colors')
016.828  000.062  000.062: require('tokyonight.colors.storm')
016.965  000.090  000.090: require('tokyonight.hsluv')
017.425  000.150  000.150: require('tokyonight.groups')
018.514  002.446  001.904: sourcing /home/disco/.local/share/nvim/lazy/tokyonight.nvim/colors/tokyonight.lua
018.568  000.003  000.003: sourcing nvim_exec2() called at /home/disco/.config/nvim/init.lua:0
018.595  000.001  000.001: sourcing nvim_exec2() called at /home/disco/.config/nvim/init.lua:0
019.775  001.172  001.172: require('mini.icons')
020.039  000.003  000.003: sourcing nvim_exec2() called at /home/disco/.config/nvim/init.lua:0
020.051  000.001  000.001: sourcing nvim_exec2() called at /home/disco/.config/nvim/init.lua:0
020.211  000.002  000.002: sourcing nvim_exec2() called at /home/disco/.config/nvim/init.lua:0
020.218  000.001  000.001: sourcing nvim_exec2() called at /home/disco/.config/nvim/init.lua:0
020.528  000.272  000.272: require('mini.statusline')
020.643  000.003  000.003: sourcing nvim_exec2() called at /home/disco/.config/nvim/init.lua:0
020.651  000.001  000.001: sourcing nvim_exec2() called at /home/disco/.config/nvim/init.lua:0
020.692  000.039  000.039: require('utils.starter')
021.007  000.311  000.311: require('mini.starter')
021.058  000.003  000.003: sourcing nvim_exec2() called at /home/disco/.config/nvim/init.lua:0
021.065  000.001  000.001: sourcing nvim_exec2() called at /home/disco/.config/nvim/init.lua:0
021.375  000.304  000.304: require('mini.tabline')
021.412  000.006  000.006: sourcing nvim_exec2() called at /home/disco/.config/nvim/init.lua:0
021.580  000.036  000.036: sourcing /usr/local/share/nvim/runtime/plugin/editorconfig.lua
021.585  000.063  000.027: sourcing nvim_exec2() called at /home/disco/.config/nvim/init.lua:0
021.642  000.034  000.034: sourcing /usr/local/share/nvim/runtime/plugin/man.lua
021.645  000.056  000.022: sourcing nvim_exec2() called at /home/disco/.config/nvim/init.lua:0
021.725  000.033  000.033: sourcing /usr/local/share/nvim/runtime/plugin/osc52.lua
021.729  000.057  000.023: sourcing nvim_exec2() called at /home/disco/.config/nvim/init.lua:0
021.864  000.108  000.108: sourcing /usr/local/share/nvim/runtime/plugin/rplugin.vim
021.868  000.135  000.028: sourcing nvim_exec2() called at /home/disco/.config/nvim/init.lua:0
021.928  000.036  000.036: sourcing /usr/local/share/nvim/runtime/plugin/shada.vim
021.930  000.057  000.022: sourcing nvim_exec2() called at /home/disco/.config/nvim/init.lua:0
021.976  000.023  000.023: sourcing /usr/local/share/nvim/runtime/plugin/spellfile.vim
021.979  000.045  000.022: sourcing nvim_exec2() called at /home/disco/.config/nvim/init.lua:0
022.152  000.062  000.062: require('utils.mise-integration')
064.207  061.364  052.632: sourcing /home/disco/.config/nvim/init.lua
064.221  000.451: sourcing vimrc file(s)
064.416  000.069  000.069: sourcing /usr/local/share/nvim/runtime/filetype.lua
064.646  000.075  000.075: sourcing /usr/local/share/nvim/runtime/syntax/synload.vim
064.723  000.242  000.167: sourcing /usr/local/share/nvim/runtime/syntax/syntax.vim
064.739  000.207: inits 3
066.392  001.653: reading ShaDa
066.464  000.072: opening buffers
066.550  000.070  000.070: require('snacks.explorer')
066.640  000.107: BufEnter autocommands
066.644  000.003: editing files in windows
067.066  000.232  000.232: sourcing /usr/local/share/nvim/runtime/autoload/provider/clipboard.vim
067.080  000.006  000.006: sourcing nvim_exec2() called at nvim_exec2() called at VimEnter Autocommands for "*":0:1
067.163  000.079  000.079: sourcing nvim_exec2() called at nvim_exec2() called at VimEnter Autocommands for "*":0:1
070.059  000.011  000.011: require('vim.F')
070.067  003.374  003.046: sourcing nvim_exec2() called at VimEnter Autocommands for "*":0
085.125  015.107: VimEnter autocommands
085.374  000.113  000.113: require('snacks.util')
085.395  000.223  000.110: require('snacks.scroll')
085.505  000.097  000.097: require('snacks.animate')
085.852  000.055  000.055: require('vim.ui')
085.857  000.264  000.209: require('snacks.input')
085.946  000.085  000.085: require('snacks.scope')
086.163  000.072  000.072: require('snacks.picker')
086.252  000.085  000.085: require('snacks.picker.config')
086.515  000.260  000.260: require('snacks.picker.config.highlights')
086.644  000.125  000.125: require('snacks.picker.config.defaults')
087.153  000.508  000.508: require('snacks.picker.config.sources')
087.273  000.115  000.115: require('snacks.picker.config.layouts')
089.669  000.060  000.060: require('vim.termcap')
089.694  000.014  000.014: require('vim.text')
089.712  002.679: UIEnter autocommands
089.715  000.003: before starting main loop
090.109  000.394: first screen update
090.111  000.002: --- NVIM STARTED ---

--- Startup times for process: Primary (or UI client) ---

times in msec
 clock   self+sourced   self:  sourced script
 clock   elapsed:              other lines

000.001  000.001: --- NVIM STARTING ---
000.166  000.165: event init
000.255  000.088: early init
000.308  000.053: locale set
000.355  000.047: init first window
000.708  000.353: inits 1
000.714  000.005: window checked
000.747  000.034: parsing arguments
001.158  000.037  000.037: require('vim.shared')
001.241  000.032  000.032: require('vim.inspect')
001.278  000.031  000.031: require('vim._options')
001.281  000.121  000.058: require('vim._editor')
001.282  000.179  000.021: require('vim._init_packages')
001.284  000.358: init lua interpreter
002.265  000.981: nvim_ui_attach
002.535  000.270: nvim_set_client_info
002.537  000.001: --- NVIM STARTED ---

--- Startup times for process: Embedded ---

times in msec
 clock   self+sourced   self:  sourced script
 clock   elapsed:              other lines

000.001  000.001: --- NVIM STARTING ---
000.147  000.146: event init
000.217  000.070: early init
000.272  000.055: locale set
000.310  000.039: init first window
000.662  000.351: inits 1
000.673  000.012: window checked
000.714  000.041: parsing arguments
001.124  000.033  000.033: require('vim.shared')
001.205  000.031  000.031: require('vim.inspect')
001.240  000.029  000.029: require('vim._options')
001.244  000.117  000.058: require('vim._editor')
001.245  000.167  000.016: require('vim._init_packages')
001.246  000.365: init lua interpreter
001.309  000.063: expanding arguments
001.326  000.017: inits 2
001.512  000.185: init highlight
001.512  000.001: waiting for UI
001.620  000.108: done waiting for UI
001.623  000.003: clear screen
001.723  000.012  000.012: require('vim.keymap')
002.342  000.096  000.096: sourcing nvim_exec2()
002.472  000.847  000.740: require('vim._defaults')
002.474  000.004: init default mappings & autocommands
002.857  000.032  000.032: sourcing /usr/local/share/nvim/runtime/ftplugin.vim
002.913  000.016  000.016: sourcing /usr/local/share/nvim/runtime/indent.vim
003.427  000.248  000.248: require('core.settings')
003.658  000.229  000.229: require('core.keymaps')
003.740  000.079  000.079: require('core.autocmds')
003.951  000.209  000.209: require('utils.performance')
004.424  000.418  000.418: require('lazy')
004.448  000.011  000.011: require('ffi')
004.486  000.020  000.020: require('vim.fs')
004.580  000.093  000.093: require('vim.uri')
004.599  000.149  000.037: require('vim.loader')
004.718  000.104  000.104: require('lazy.stats')
004.812  000.080  000.080: require('lazy.core.util')
004.908  000.094  000.094: require('lazy.core.config')
005.092  000.084  000.084: require('lazy.core.handler')
005.410  000.144  000.144: require('lazy.pkg')
005.418  000.230  000.086: require('lazy.core.meta')
005.429  000.334  000.104: require('lazy.core.plugin')
005.439  000.529  000.110: require('lazy.core.loader')
005.816  000.046  000.046: require('lazy.core.fragments')
011.278  000.059  000.059: require('lazy.core.handler.cmd')
011.325  000.042  000.042: require('lazy.core.handler.event')
011.364  000.036  000.036: require('lazy.core.handler.keys')
011.394  000.028  000.028: require('lazy.core.handler.ft')
011.506  000.004  000.004: sourcing nvim_exec2() called at /home/disco/.config/nvim/init.lua:0
011.517  000.001  000.001: sourcing nvim_exec2() called at /home/disco/.config/nvim/init.lua:0
012.356  000.003  000.003: sourcing nvim_exec2() called at /home/disco/.config/nvim/init.lua:0
012.429  000.013  000.013: sourcing /home/disco/.local/share/nvim/lazy/zig.vim/ftdetect/zig.vim
012.433  000.045  000.032: sourcing nvim_exec2() called at /home/disco/.config/nvim/init.lua:0
012.437  000.001  000.001: sourcing nvim_exec2() called at /home/disco/.config/nvim/init.lua:0
012.485  000.002  000.002: sourcing nvim_exec2() called at /home/disco/.config/nvim/init.lua:0
012.495  000.001  000.001: sourcing nvim_exec2() called at /home/disco/.config/nvim/init.lua:0
012.526  000.001  000.001: sourcing nvim_exec2() called at /home/disco/.config/nvim/init.lua:0
012.534  000.001  000.001: sourcing nvim_exec2() called at /home/disco/.config/nvim/init.lua:0
012.729  000.003  000.003: sourcing nvim_exec2() called at /home/disco/.config/nvim/init.lua:0
012.741  000.001  000.001: sourcing nvim_exec2() called at /home/disco/.config/nvim/init.lua:0
012.798  000.001  000.001: sourcing nvim_exec2() called at /home/disco/.config/nvim/init.lua:0
012.891  000.035  000.035: sourcing /home/disco/.local/share/nvim/lazy/vim-markdown/ftdetect/markdown.vim
012.894  000.067  000.032: sourcing nvim_exec2() called at /home/disco/.config/nvim/init.lua:0
012.898  000.001  000.001: sourcing nvim_exec2() called at /home/disco/.config/nvim/init.lua:0
013.015  000.005  000.005: sourcing nvim_exec2() called at /home/disco/.config/nvim/init.lua:0
013.038  000.001  000.001: sourcing nvim_exec2() called at /home/disco/.config/nvim/init.lua:0
013.109  000.002  000.002: sourcing nvim_exec2() called at /home/disco/.config/nvim/init.lua:0
013.119  000.001  000.001: sourcing nvim_exec2() called at /home/disco/.config/nvim/init.lua:0
013.226  000.002  000.002: sourcing nvim_exec2() called at /home/disco/.config/nvim/init.lua:0
013.236  000.001  000.001: sourcing nvim_exec2() called at /home/disco/.config/nvim/init.lua:0
013.277  000.001  000.001: sourcing nvim_exec2() called at /home/disco/.config/nvim/init.lua:0
013.373  000.044  000.044: sourcing /home/disco/.local/share/nvim/lazy/go.nvim/ftdetect/filetype.vim
013.376  000.073  000.029: sourcing nvim_exec2() called at /home/disco/.config/nvim/init.lua:0
013.380  000.001  000.001: sourcing nvim_exec2() called at /home/disco/.config/nvim/init.lua:0
013.566  000.002  000.002: sourcing nvim_exec2() called at /home/disco/.config/nvim/init.lua:0
013.579  000.001  000.001: sourcing nvim_exec2() called at /home/disco/.config/nvim/init.lua:0
014.349  000.124  000.124: sourcing nvim_exec2() called at /usr/local/share/nvim/runtime/filetype.lua:0
014.353  000.178  000.053: sourcing /usr/local/share/nvim/runtime/filetype.lua
014.356  000.207  000.029: sourcing nvim_exec2() called at /home/disco/.config/nvim/init.lua:0
014.512  000.003  000.003: sourcing nvim_exec2() called at /home/disco/.config/nvim/init.lua:0
014.520  000.001  000.001: sourcing nvim_exec2() called at /home/disco/.config/nvim/init.lua:0
015.072  000.043  000.043: require('tokyonight.config')
015.075  000.544  000.501: require('tokyonight')
015.853  000.053  000.053: require('tokyonight.util')
015.856  000.135  000.082: require('tokyonight.theme')
015.997  000.050  000.050: require('tokyonight.colors')
016.144  000.043  000.043: require('tokyonight.colors.storm')
016.306  000.084  000.084: require('tokyonight.hsluv')
016.559  000.086  000.086: require('tokyonight.groups')
017.735  002.078  001.680: sourcing /home/disco/.local/share/nvim/lazy/tokyonight.nvim/colors/tokyonight.lua
018.536  000.261  000.261: require('snacks')
018.539  000.303  000.042: sourcing /home/disco/.local/share/nvim/lazy/snacks.nvim/plugin/snacks.lua
018.542  000.333  000.030: sourcing nvim_exec2() called at /home/disco/.config/nvim/init.lua:0
018.548  000.002  000.002: sourcing nvim_exec2() called at /home/disco/.config/nvim/init.lua:0
018.560  000.001  000.001: sourcing nvim_exec2() called at /home/disco/.config/nvim/init.lua:0
018.740  000.003  000.003: sourcing nvim_exec2() called at /home/disco/.config/nvim/init.lua:0
018.750  000.001  000.001: sourcing nvim_exec2() called at /home/disco/.config/nvim/init.lua:0
020.119  001.360  001.360: require('mini.icons')
020.319  000.004  000.004: sourcing nvim_exec2() called at /home/disco/.config/nvim/init.lua:0
020.330  000.001  000.001: sourcing nvim_exec2() called at /home/disco/.config/nvim/init.lua:0
020.905  000.567  000.567: require('mini.statusline')
021.049  000.003  000.003: sourcing nvim_exec2() called at /home/disco/.config/nvim/init.lua:0
021.058  000.001  000.001: sourcing nvim_exec2() called at /home/disco/.config/nvim/init.lua:0
021.101  000.040  000.040: require('utils.starter')
021.380  000.258  000.258: require('mini.starter')
021.433  000.003  000.003: sourcing nvim_exec2() called at /home/disco/.config/nvim/init.lua:0
021.440  000.001  000.001: sourcing nvim_exec2() called at /home/disco/.config/nvim/init.lua:0
021.806  000.293  000.293: require('mini.tabline')
021.843  000.006  000.006: sourcing nvim_exec2() called at /home/disco/.config/nvim/init.lua:0
021.896  000.002  000.002: sourcing nvim_exec2() called at /home/disco/.config/nvim/init.lua:0
021.903  000.001  000.001: sourcing nvim_exec2() called at /home/disco/.config/nvim/init.lua:0
022.086  000.039  000.039: sourcing /usr/local/share/nvim/runtime/plugin/editorconfig.lua
022.090  000.066  000.027: sourcing nvim_exec2() called at /home/disco/.config/nvim/init.lua:0
022.148  000.035  000.035: sourcing /usr/local/share/nvim/runtime/plugin/man.lua
022.152  000.057  000.022: sourcing nvim_exec2() called at /home/disco/.config/nvim/init.lua:0
022.232  000.032  000.032: sourcing /usr/local/share/nvim/runtime/plugin/osc52.lua
022.235  000.056  000.024: sourcing nvim_exec2() called at /home/disco/.config/nvim/init.lua:0
022.365  000.108  000.108: sourcing /usr/local/share/nvim/runtime/plugin/rplugin.vim
022.368  000.129  000.022: sourcing nvim_exec2() called at /home/disco/.config/nvim/init.lua:0
022.428  000.035  000.035: sourcing /usr/local/share/nvim/runtime/plugin/shada.vim
022.431  000.057  000.022: sourcing nvim_exec2() called at /home/disco/.config/nvim/init.lua:0
022.477  000.023  000.023: sourcing /usr/local/share/nvim/runtime/plugin/spellfile.vim
022.480  000.045  000.022: sourcing nvim_exec2() called at /home/disco/.config/nvim/init.lua:0
022.598  000.052  000.052: require('utils.mise-integration')
063.980  061.015  052.259: sourcing /home/disco/.config/nvim/init.lua
063.993  000.456: sourcing vimrc file(s)
064.252  000.055  000.055: sourcing /usr/local/share/nvim/runtime/filetype.lua
064.423  000.053  000.053: sourcing /usr/local/share/nvim/runtime/syntax/synload.vim
064.486  000.190  000.138: sourcing /usr/local/share/nvim/runtime/syntax/syntax.vim
064.499  000.260: inits 3
065.874  001.376: reading ShaDa
065.969  000.095: opening buffers
066.051  000.068  000.068: require('snacks.explorer')
066.237  000.143  000.143: require('snacks.picker')
066.364  000.106  000.106: require('snacks.picker.config')
066.541  000.105  000.105: require('snacks.util')
066.695  000.328  000.223: require('snacks.picker.config.highlights')
066.813  000.115  000.115: require('snacks.picker.config.defaults')
066.935  000.120  000.120: require('snacks.picker.config.sources')
066.993  000.056  000.056: require('snacks.picker.config.layouts')
068.740  000.069  000.069: require('snacks.picker.util.async')
068.794  000.052  000.052: require('snacks.picker.core.finder')
068.801  000.257  000.136: require('snacks.picker.core.picker')
069.751  000.112  000.112: require('snacks.explorer.git')
069.869  000.115  000.115: require('snacks.explorer.tree')
070.254  000.010  000.010: require('vim.F')
070.499  000.622  000.612: require('vim.diagnostic')
070.502  000.961  000.113: require('snacks.explorer.actions')
070.506  001.049  000.087: require('snacks.picker.source.explorer')
070.736  000.079  000.079: require('snacks.picker.util.history')
070.814  000.069  000.069: require('snacks.picker.util.kv')
070.838  000.006  000.006: require('string.buffer')
070.992  000.125  000.125: require('snacks.picker.util')
071.062  000.052  000.052: require('snacks.picker.core.main')
071.189  000.057  000.057: require('snacks.picker.core.actions')
071.241  000.046  000.046: require('snacks.picker.sort')
071.338  000.093  000.093: require('snacks.picker.core.matcher')
071.607  000.203  000.203: require('snacks.picker.core.score')
071.918  000.242  000.242: require('snacks.picker.format')
072.438  000.403  000.403: require('snacks.picker.core.list')
072.819  000.220  000.220: require('snacks.win')
072.872  000.049  000.049: require('snacks.picker.util.highlight')
073.159  000.040  000.040: require('snacks.picker.util.minheap')
073.226  000.042  000.042: require('snacks.picker.core.input')
073.267  000.038  000.038: require('snacks.picker.core.filter')
073.631  000.070  000.070: require('snacks.picker.core.preview')
073.787  000.058  000.058: require('snacks.picker.preview')
073.850  000.046  000.046: require('snacks.layout')
074.285  000.040  000.040: require('snacks.explorer.watch')
074.321  000.033  000.033: require('snacks.git')
074.437  000.033  000.033: require('snacks.notify')
074.664  000.222  000.222: require('snacks.notifier')
075.745  000.085  000.085: require('snacks.explorer.diagnostics')
076.087  000.094  000.094: require('editorconfig')
077.137  000.066  000.066: sourcing nvim_exec2() called at BufEnter Autocommands for "*":0
079.035  000.031  000.031: require('vim.treesitter.language')
079.062  000.023  000.023: require('vim.func')
079.100  000.031  000.031: require('vim.func._memoize')
079.121  000.177  000.091: require('vim.treesitter.query')
079.157  000.035  000.035: require('vim.treesitter._range')
079.167  000.292  000.080: require('vim.treesitter.languagetree')
079.172  000.356  000.065: require('vim.treesitter')
079.839  000.097  000.097: require('snacks.picker.actions')
082.777  000.902  000.902: require('vim.filetype')
083.371  000.080  000.080: require('snacks.statuscolumn')
084.935  000.078  000.078: require('snacks.picker.source.git')
086.652  014.415: BufEnter autocommands
086.734  000.082: editing files in windows
101.611  014.877: VimEnter autocommands
101.986  000.322  000.322: require('snacks.scroll')
102.137  000.128  000.128: require('snacks.animate')
102.634  000.116  000.116: require('vim.ui')
102.647  000.338  000.222: require('snacks.input')
102.930  000.279  000.279: require('snacks.scope')
103.908  000.070  000.070: require('vim.termcap')
103.941  000.020  000.020: require('vim.text')
104.043  001.275: UIEnter autocommands
104.469  000.322  000.322: sourcing /usr/local/share/nvim/runtime/autoload/provider/clipboard.vim
104.475  000.109: before starting main loop
104.838  000.363: first screen update
104.840  000.002: --- NVIM STARTED ---

